2020-04-13 13:34:07,616 CRIT Supervisor is running as root.  Privileges were not dropped because no user is specified in the config file.  If you intend to run as root, you can set user=root in the config file to avoid this message.
2020-04-13 13:34:07,624 INFO supervisord started with pid 1
2020-04-13 13:34:08,628 INFO spawned: 'php-fpm' with pid 8
2020-04-13 13:34:08,637 INFO spawned: 'nginx_00' with pid 9
2020-04-13 13:34:08,726 INFO success: nginx_00 entered RUNNING state, process has stayed up for > than 0 seconds (startsecs)
2020-04-13 13:34:09,764 INFO success: php-fpm entered RUNNING state, process has stayed up for > than 1 seconds (startsecs)
2020-04-13 13:39:41,904 WARN received SIGTERM indicating exit request
2020-04-13 13:39:41,915 INFO waiting for nginx_00, php-fpm to die
2020-04-13 13:39:42,001 INFO stopped: nginx_00 (exit status 0)
2020-04-13 13:39:42,129 INFO stopped: php-fpm (exit status 0)
2020-04-13 13:41:48,768 CRIT Supervisor is running as root.  Privileges were not dropped because no user is specified in the config file.  If you intend to run as root, you can set user=root in the config file to avoid this message.
2020-04-13 13:41:48,779 INFO supervisord started with pid 1
2020-04-13 13:41:49,783 INFO spawned: 'php-fpm' with pid 8
2020-04-13 13:41:49,787 INFO spawned: 'nginx_00' with pid 9
2020-04-13 13:41:49,894 INFO success: nginx_00 entered RUNNING state, process has stayed up for > than 0 seconds (startsecs)
2020-04-13 13:41:51,021 INFO success: php-fpm entered RUNNING state, process has stayed up for > than 1 seconds (startsecs)
2020-04-13 13:44:42,444 WARN received SIGTERM indicating exit request
2020-04-13 13:44:42,454 INFO waiting for nginx_00, php-fpm to die
2020-04-13 13:44:42,481 INFO stopped: nginx_00 (exit status 0)
2020-04-13 13:44:42,519 INFO stopped: php-fpm (exit status 0)
2020-04-13 13:46:10,489 CRIT Supervisor is running as root.  Privileges were not dropped because no user is specified in the config file.  If you intend to run as root, you can set user=root in the config file to avoid this message.
2020-04-13 13:46:10,517 INFO supervisord started with pid 1
2020-04-13 13:46:11,524 INFO spawned: 'php-fpm' with pid 8
2020-04-13 13:46:11,529 INFO spawned: 'nginx_00' with pid 9
2020-04-13 13:46:11,567 INFO success: nginx_00 entered RUNNING state, process has stayed up for > than 0 seconds (startsecs)
2020-04-13 13:46:12,624 INFO success: php-fpm entered RUNNING state, process has stayed up for > than 1 seconds (startsecs)
2020-04-13 13:50:29,494 INFO reaped unknown pid 219
2020-04-13 13:51:17,719 WARN received SIGTERM indicating exit request
2020-04-13 13:51:17,741 INFO waiting for nginx_00, php-fpm to die
2020-04-13 13:51:18,023 INFO stopped: nginx_00 (exit status 0)
2020-04-13 13:51:18,284 INFO stopped: php-fpm (exit status 0)
2020-04-13 13:52:55,584 CRIT Supervisor is running as root.  Privileges were not dropped because no user is specified in the config file.  If you intend to run as root, you can set user=root in the config file to avoid this message.
2020-04-13 13:52:55,594 INFO supervisord started with pid 1
2020-04-13 13:52:56,597 INFO spawned: 'php-fpm' with pid 8
2020-04-13 13:52:56,600 INFO spawned: 'nginx_00' with pid 9
2020-04-13 13:52:56,656 INFO success: nginx_00 entered RUNNING state, process has stayed up for > than 0 seconds (startsecs)
2020-04-13 13:52:57,709 INFO success: php-fpm entered RUNNING state, process has stayed up for > than 1 seconds (startsecs)
2020-04-13 13:53:11,199 INFO reaped unknown pid 189
2020-04-13 13:57:01,559 INFO reaped unknown pid 206
2020-04-13 13:57:47,192 INFO reaped unknown pid 219
2020-04-13 13:58:40,070 INFO reaped unknown pid 232
2020-04-13 14:32:58,215 WARN received SIGTERM indicating exit request
2020-04-13 14:32:58,254 INFO waiting for nginx_00, php-fpm to die
2020-04-13 14:32:58,706 INFO stopped: nginx_00 (exit status 0)
2020-04-13 14:32:59,191 INFO stopped: php-fpm (exit status 0)
2020-04-13 14:33:29,254 CRIT Supervisor is running as root.  Privileges were not dropped because no user is specified in the config file.  If you intend to run as root, you can set user=root in the config file to avoid this message.
2020-04-13 14:33:29,263 INFO supervisord started with pid 1
2020-04-13 14:33:30,272 INFO spawned: 'php-fpm' with pid 8
2020-04-13 14:33:30,277 INFO spawned: 'nginx_00' with pid 9
2020-04-13 14:33:30,340 INFO success: nginx_00 entered RUNNING state, process has stayed up for > than 0 seconds (startsecs)
2020-04-13 14:33:31,368 INFO success: php-fpm entered RUNNING state, process has stayed up for > than 1 seconds (startsecs)
2020-04-13 14:33:52,020 INFO reaped unknown pid 189
2020-04-13 14:34:15,385 INFO reaped unknown pid 201
2020-04-13 14:34:56,065 INFO reaped unknown pid 214
2020-04-13 14:35:39,983 INFO reaped unknown pid 228
2020-04-13 14:36:59,419 WARN received SIGTERM indicating exit request
2020-04-13 14:36:59,432 INFO waiting for nginx_00, php-fpm to die
2020-04-13 14:36:59,457 INFO stopped: nginx_00 (exit status 0)
2020-04-13 14:36:59,481 INFO stopped: php-fpm (exit status 0)
2020-04-13 14:37:39,068 CRIT Supervisor is running as root.  Privileges were not dropped because no user is specified in the config file.  If you intend to run as root, you can set user=root in the config file to avoid this message.
2020-04-13 14:37:39,077 INFO supervisord started with pid 1
2020-04-13 14:37:40,081 INFO spawned: 'php-fpm' with pid 8
2020-04-13 14:37:40,093 INFO spawned: 'nginx_00' with pid 9
2020-04-13 14:37:40,122 INFO success: nginx_00 entered RUNNING state, process has stayed up for > than 0 seconds (startsecs)
2020-04-13 14:37:41,153 INFO success: php-fpm entered RUNNING state, process has stayed up for > than 1 seconds (startsecs)
2020-04-13 14:38:04,123 INFO reaped unknown pid 189
2020-04-13 14:52:40,419 INFO reaped unknown pid 262
2020-04-13 14:59:30,415 INFO reaped unknown pid 292
2020-04-13 15:00:25,831 INFO reaped unknown pid 305
2020-04-13 15:06:13,760 WARN received SIGTERM indicating exit request
2020-04-13 15:06:13,766 INFO waiting for nginx_00, php-fpm to die
2020-04-13 15:06:13,836 INFO stopped: nginx_00 (exit status 0)
2020-04-13 15:06:13,977 INFO stopped: php-fpm (exit status 0)
2020-04-13 15:08:12,143 CRIT Supervisor is running as root.  Privileges were not dropped because no user is specified in the config file.  If you intend to run as root, you can set user=root in the config file to avoid this message.
2020-04-13 15:08:12,152 INFO supervisord started with pid 1
2020-04-13 15:08:13,155 INFO spawned: 'php-fpm' with pid 8
2020-04-13 15:08:13,158 INFO spawned: 'nginx_00' with pid 9
2020-04-13 15:08:13,198 INFO success: nginx_00 entered RUNNING state, process has stayed up for > than 0 seconds (startsecs)
2020-04-13 15:08:14,235 INFO success: php-fpm entered RUNNING state, process has stayed up for > than 1 seconds (startsecs)
2020-04-13 15:09:06,005 WARN received SIGTERM indicating exit request
2020-04-13 15:09:06,013 INFO waiting for nginx_00, php-fpm to die
2020-04-13 15:09:06,091 INFO stopped: nginx_00 (exit status 0)
2020-04-13 15:09:06,113 INFO stopped: php-fpm (exit status 0)
2020-04-13 15:09:44,909 CRIT Supervisor is running as root.  Privileges were not dropped because no user is specified in the config file.  If you intend to run as root, you can set user=root in the config file to avoid this message.
2020-04-13 15:09:44,917 INFO supervisord started with pid 1
2020-04-13 15:09:45,921 INFO spawned: 'php-fpm' with pid 8
2020-04-13 15:09:45,926 INFO spawned: 'nginx_00' with pid 9
2020-04-13 15:09:45,957 INFO success: nginx_00 entered RUNNING state, process has stayed up for > than 0 seconds (startsecs)
2020-04-13 15:09:47,000 INFO success: php-fpm entered RUNNING state, process has stayed up for > than 1 seconds (startsecs)
2020-04-13 15:10:12,919 INFO reaped unknown pid 192
2020-04-13 15:11:08,712 INFO reaped unknown pid 208
2020-04-13 15:11:37,383 INFO reaped unknown pid 221
2020-04-13 15:12:07,319 INFO reaped unknown pid 234
2020-04-13 15:12:21,279 INFO reaped unknown pid 247
2020-04-13 16:41:31,547 INFO reaped unknown pid 265
2020-04-13 16:45:40,108 INFO reaped unknown pid 278
2020-04-13 16:45:49,254 INFO reaped unknown pid 291
2020-04-13 16:46:00,817 INFO reaped unknown pid 304
2020-04-13 16:47:26,072 WARN received SIGTERM indicating exit request
2020-04-13 16:47:26,161 INFO waiting for nginx_00, php-fpm to die
2020-04-13 16:47:26,256 INFO stopped: nginx_00 (exit status 0)
2020-04-13 16:47:26,448 INFO stopped: php-fpm (exit status 0)
2020-04-13 16:48:39,476 CRIT Supervisor is running as root.  Privileges were not dropped because no user is specified in the config file.  If you intend to run as root, you can set user=root in the config file to avoid this message.
2020-04-13 16:48:39,642 INFO supervisord started with pid 1
2020-04-13 16:48:40,646 INFO spawned: 'php-fpm' with pid 8
2020-04-13 16:48:40,650 INFO spawned: 'nginx_00' with pid 9
2020-04-13 16:48:40,691 INFO success: nginx_00 entered RUNNING state, process has stayed up for > than 0 seconds (startsecs)
2020-04-13 16:48:41,717 INFO success: php-fpm entered RUNNING state, process has stayed up for > than 1 seconds (startsecs)
2020-04-13 16:48:59,361 INFO reaped unknown pid 188
2020-04-13 16:49:59,317 WARN received SIGTERM indicating exit request
2020-04-13 16:49:59,318 INFO waiting for nginx_00, php-fpm to die
2020-04-13 16:49:59,344 INFO stopped: nginx_00 (exit status 0)
2020-04-13 16:49:59,354 INFO stopped: php-fpm (exit status 0)
2020-04-13 16:50:29,892 CRIT Supervisor is running as root.  Privileges were not dropped because no user is specified in the config file.  If you intend to run as root, you can set user=root in the config file to avoid this message.
2020-04-13 16:50:29,965 INFO supervisord started with pid 1
2020-04-13 16:50:30,968 INFO spawned: 'php-fpm' with pid 9
2020-04-13 16:50:30,973 INFO spawned: 'nginx_00' with pid 10
2020-04-13 16:50:31,011 INFO success: nginx_00 entered RUNNING state, process has stayed up for > than 0 seconds (startsecs)
2020-04-13 16:50:32,036 INFO success: php-fpm entered RUNNING state, process has stayed up for > than 1 seconds (startsecs)
2020-04-13 16:50:49,857 INFO reaped unknown pid 190
2020-04-13 16:51:17,449 INFO reaped unknown pid 204
